<?xml version="1.0" encoding="UTF-8"?>
<robot generator="Robot 4.0.3 (Python 3.9.6 on darwin)" generated="20210901 08:53:14.633" rpa="false" schemaversion="2">
<suite id="s1" name="Math Test" source="/Users/sva-gardena/Documents/helpful/demo_tech_showcase/showcasing_software/robot_f/math_test.robot">
<test id="s1-t1" name="checking simple addition">
<kw name="I ensure 1 plus 2 equals 3" library="math_test_lib" sourcename="I ensure ${summand1} plus ${summand2} equals ${sum}">
<status status="PASS" starttime="20210901 08:53:14.755" endtime="20210901 08:53:14.755"/>
</kw>
<doc>describing description</doc>
<tag>MATH</tag>
<tag>PLUS</tag>
<tag>SANITY</tag>
<tag>tid:0003</tag>
<status status="PASS" starttime="20210901 08:53:14.755" endtime="20210901 08:53:14.756"/>
</test>
<test id="s1-t2" name="checking three digits addition">
<kw name="I ensure 123 plus 876 equals 999" library="math_test_lib" sourcename="I ensure ${summand1} plus ${summand2} equals ${sum}">
<status status="PASS" starttime="20210901 08:53:14.756" endtime="20210901 08:53:14.756"/>
</kw>
<doc>describing description</doc>
<tag>BIG NUMBERS</tag>
<tag>MATH</tag>
<tag>PLUS</tag>
<tag>tid:0003</tag>
<status status="PASS" starttime="20210901 08:53:14.756" endtime="20210901 08:53:14.757"/>
</test>
<test id="s1-t3" name="checking simple subtraction">
<kw name="I ensure 6 minus 2 equals 4" library="math_test_lib" sourcename="I ensure ${minuend} minus ${subtrahend} equals ${defferenz}">
<status status="PASS" starttime="20210901 08:53:14.757" endtime="20210901 08:53:14.757"/>
</kw>
<doc>describing description</doc>
<tag>MATH</tag>
<tag>MINUS</tag>
<tag>tid:0003</tag>
<status status="PASS" starttime="20210901 08:53:14.757" endtime="20210901 08:53:14.757"/>
</test>
<test id="s1-t4" name="checking three digits subtraction">
<kw name="I ensure 789 minus 123 equals 666" library="math_test_lib" sourcename="I ensure ${minuend} minus ${subtrahend} equals ${defferenz}">
<status status="PASS" starttime="20210901 08:53:14.758" endtime="20210901 08:53:14.758"/>
</kw>
<doc>describing description</doc>
<tag>BIG NUMBERS</tag>
<tag>MATH</tag>
<tag>MINUS</tag>
<tag>tid:0003</tag>
<status status="PASS" starttime="20210901 08:53:14.758" endtime="20210901 08:53:14.758"/>
</test>
<doc>testing math
</doc>
<status status="PASS" starttime="20210901 08:53:14.635" endtime="20210901 08:53:14.759"/>
</suite>
<statistics>
<total>
<stat pass="4" fail="0" skip="0">All Tests</stat>
</total>
<tag>
<stat pass="2" fail="0" skip="0">BIG NUMBERS</stat>
<stat pass="4" fail="0" skip="0">MATH</stat>
<stat pass="2" fail="0" skip="0">MINUS</stat>
<stat pass="2" fail="0" skip="0">PLUS</stat>
<stat pass="1" fail="0" skip="0">SANITY</stat>
<stat pass="4" fail="0" skip="0">tid:0003</stat>
</tag>
<suite>
<stat pass="4" fail="0" skip="0" id="s1" name="Math Test">Math Test</stat>
</suite>
</statistics>
<errors>
</errors>
</robot>
